CRITICAL - 2023-05-13 13:18:37 --> Class "App\Controllers\stdClass" not found
in APPPATH\Controllers\RequestsController.php on line 25.
 1 SYSTEMPATH\CodeIgniter.php(898): App\Controllers\RequestsController->getRequest()
 2 SYSTEMPATH\CodeIgniter.php(468): CodeIgniter\CodeIgniter->runController(Object(App\Controllers\RequestsController))
 3 SYSTEMPATH\CodeIgniter.php(351): CodeIgniter\CodeIgniter->handleRequest(null, Object(Config\Cache), false)
 4 FCPATH\index.php(62): CodeIgniter\CodeIgniter->run()
 5 SYSTEMPATH\Commands\Server\rewrite.php(43): require_once('FCPATH\\index.php')
CRITICAL - 2023-05-13 13:19:02 --> Class "App\Controllers\stdClass" not found
in APPPATH\Controllers\RequestsController.php on line 25.
 1 SYSTEMPATH\CodeIgniter.php(898): App\Controllers\RequestsController->getRequest()
 2 SYSTEMPATH\CodeIgniter.php(468): CodeIgniter\CodeIgniter->runController(Object(App\Controllers\RequestsController))
 3 SYSTEMPATH\CodeIgniter.php(351): CodeIgniter\CodeIgniter->handleRequest(null, Object(Config\Cache), false)
 4 FCPATH\index.php(62): CodeIgniter\CodeIgniter->run()
 5 SYSTEMPATH\Commands\Server\rewrite.php(43): require_once('FCPATH\\index.php')
CRITICAL - 2023-05-13 13:19:04 --> Class "App\Controllers\stdClass" not found
in APPPATH\Controllers\RequestsController.php on line 25.
 1 SYSTEMPATH\CodeIgniter.php(898): App\Controllers\RequestsController->getRequest()
 2 SYSTEMPATH\CodeIgniter.php(468): CodeIgniter\CodeIgniter->runController(Object(App\Controllers\RequestsController))
 3 SYSTEMPATH\CodeIgniter.php(351): CodeIgniter\CodeIgniter->handleRequest(null, Object(Config\Cache), false)
 4 FCPATH\index.php(62): CodeIgniter\CodeIgniter->run()
 5 SYSTEMPATH\Commands\Server\rewrite.php(43): require_once('FCPATH\\index.php')
CRITICAL - 2023-05-13 13:19:13 --> Class "App\Controllers\stdClass" not found
in APPPATH\Controllers\RequestsController.php on line 25.
 1 SYSTEMPATH\CodeIgniter.php(898): App\Controllers\RequestsController->getRequest()
 2 SYSTEMPATH\CodeIgniter.php(468): CodeIgniter\CodeIgniter->runController(Object(App\Controllers\RequestsController))
 3 SYSTEMPATH\CodeIgniter.php(351): CodeIgniter\CodeIgniter->handleRequest(null, Object(Config\Cache), false)
 4 FCPATH\index.php(62): CodeIgniter\CodeIgniter->run()
 5 SYSTEMPATH\Commands\Server\rewrite.php(43): require_once('FCPATH\\index.php')
CRITICAL - 2023-05-13 13:19:32 --> Class "App\Controllers\stdClass" not found
in APPPATH\Controllers\RequestsController.php on line 25.
 1 SYSTEMPATH\CodeIgniter.php(898): App\Controllers\RequestsController->getRequest()
 2 SYSTEMPATH\CodeIgniter.php(468): CodeIgniter\CodeIgniter->runController(Object(App\Controllers\RequestsController))
 3 SYSTEMPATH\CodeIgniter.php(351): CodeIgniter\CodeIgniter->handleRequest(null, Object(Config\Cache), false)
 4 FCPATH\index.php(62): CodeIgniter\CodeIgniter->run()
 5 SYSTEMPATH\Commands\Server\rewrite.php(43): require_once('FCPATH\\index.php')
CRITICAL - 2023-05-13 13:19:40 --> Class "App\Controllers\stdClass" not found
in APPPATH\Controllers\RequestsController.php on line 25.
 1 SYSTEMPATH\CodeIgniter.php(898): App\Controllers\RequestsController->getRequest()
 2 SYSTEMPATH\CodeIgniter.php(468): CodeIgniter\CodeIgniter->runController(Object(App\Controllers\RequestsController))
 3 SYSTEMPATH\CodeIgniter.php(351): CodeIgniter\CodeIgniter->handleRequest(null, Object(Config\Cache), false)
 4 FCPATH\index.php(62): CodeIgniter\CodeIgniter->run()
 5 SYSTEMPATH\Commands\Server\rewrite.php(43): require_once('FCPATH\\index.php')
CRITICAL - 2023-05-13 13:20:32 --> Class "App\Controllers\stdClass" not found
in APPPATH\Controllers\RequestsController.php on line 25.
 1 SYSTEMPATH\CodeIgniter.php(898): App\Controllers\RequestsController->getRequest()
 2 SYSTEMPATH\CodeIgniter.php(468): CodeIgniter\CodeIgniter->runController(Object(App\Controllers\RequestsController))
 3 SYSTEMPATH\CodeIgniter.php(351): CodeIgniter\CodeIgniter->handleRequest(null, Object(Config\Cache), false)
 4 FCPATH\index.php(62): CodeIgniter\CodeIgniter->run()
 5 SYSTEMPATH\Commands\Server\rewrite.php(43): require_once('FCPATH\\index.php')
CRITICAL - 2023-05-13 13:20:33 --> Class "App\Controllers\stdClass" not found
in APPPATH\Controllers\RequestsController.php on line 25.
 1 SYSTEMPATH\CodeIgniter.php(898): App\Controllers\RequestsController->getRequest()
 2 SYSTEMPATH\CodeIgniter.php(468): CodeIgniter\CodeIgniter->runController(Object(App\Controllers\RequestsController))
 3 SYSTEMPATH\CodeIgniter.php(351): CodeIgniter\CodeIgniter->handleRequest(null, Object(Config\Cache), false)
 4 FCPATH\index.php(62): CodeIgniter\CodeIgniter->run()
 5 SYSTEMPATH\Commands\Server\rewrite.php(43): require_once('FCPATH\\index.php')
CRITICAL - 2023-05-13 13:20:34 --> Class "App\Controllers\stdClass" not found
in APPPATH\Controllers\RequestsController.php on line 25.
 1 SYSTEMPATH\CodeIgniter.php(898): App\Controllers\RequestsController->getRequest()
 2 SYSTEMPATH\CodeIgniter.php(468): CodeIgniter\CodeIgniter->runController(Object(App\Controllers\RequestsController))
 3 SYSTEMPATH\CodeIgniter.php(351): CodeIgniter\CodeIgniter->handleRequest(null, Object(Config\Cache), false)
 4 FCPATH\index.php(62): CodeIgniter\CodeIgniter->run()
 5 SYSTEMPATH\Commands\Server\rewrite.php(43): require_once('FCPATH\\index.php')
CRITICAL - 2023-05-13 13:20:52 --> Class "App\Controllers\stdClass" not found
in APPPATH\Controllers\RequestsController.php on line 26.
 1 SYSTEMPATH\CodeIgniter.php(898): App\Controllers\RequestsController->getRequest()
 2 SYSTEMPATH\CodeIgniter.php(468): CodeIgniter\CodeIgniter->runController(Object(App\Controllers\RequestsController))
 3 SYSTEMPATH\CodeIgniter.php(351): CodeIgniter\CodeIgniter->handleRequest(null, Object(Config\Cache), false)
 4 FCPATH\index.php(62): CodeIgniter\CodeIgniter->run()
 5 SYSTEMPATH\Commands\Server\rewrite.php(43): require_once('FCPATH\\index.php')
CRITICAL - 2023-05-13 13:21:19 --> Class "App\Controllers\stdClass" not found
in APPPATH\Controllers\RequestsController.php on line 26.
 1 SYSTEMPATH\CodeIgniter.php(898): App\Controllers\RequestsController->getRequest()
 2 SYSTEMPATH\CodeIgniter.php(468): CodeIgniter\CodeIgniter->runController(Object(App\Controllers\RequestsController))
 3 SYSTEMPATH\CodeIgniter.php(351): CodeIgniter\CodeIgniter->handleRequest(null, Object(Config\Cache), false)
 4 FCPATH\index.php(62): CodeIgniter\CodeIgniter->run()
 5 SYSTEMPATH\Commands\Server\rewrite.php(43): require_once('FCPATH\\index.php')
CRITICAL - 2023-05-13 13:21:56 --> Class "App\Controllers\stdClass" not found
in APPPATH\Controllers\RequestsController.php on line 26.
 1 SYSTEMPATH\CodeIgniter.php(898): App\Controllers\RequestsController->getRequest()
 2 SYSTEMPATH\CodeIgniter.php(468): CodeIgniter\CodeIgniter->runController(Object(App\Controllers\RequestsController))
 3 SYSTEMPATH\CodeIgniter.php(351): CodeIgniter\CodeIgniter->handleRequest(null, Object(Config\Cache), false)
 4 FCPATH\index.php(62): CodeIgniter\CodeIgniter->run()
 5 SYSTEMPATH\Commands\Server\rewrite.php(43): require_once('FCPATH\\index.php')
CRITICAL - 2023-05-13 13:22:19 --> Class "App\Controllers\stdClass" not found
in APPPATH\Controllers\RequestsController.php on line 26.
 1 SYSTEMPATH\CodeIgniter.php(898): App\Controllers\RequestsController->getRequest()
 2 SYSTEMPATH\CodeIgniter.php(468): CodeIgniter\CodeIgniter->runController(Object(App\Controllers\RequestsController))
 3 SYSTEMPATH\CodeIgniter.php(351): CodeIgniter\CodeIgniter->handleRequest(null, Object(Config\Cache), false)
 4 FCPATH\index.php(62): CodeIgniter\CodeIgniter->run()
 5 SYSTEMPATH\Commands\Server\rewrite.php(43): require_once('FCPATH\\index.php')
CRITICAL - 2023-05-13 13:22:21 --> Class "App\Controllers\stdClass" not found
in APPPATH\Controllers\RequestsController.php on line 26.
 1 SYSTEMPATH\CodeIgniter.php(898): App\Controllers\RequestsController->getRequest()
 2 SYSTEMPATH\CodeIgniter.php(468): CodeIgniter\CodeIgniter->runController(Object(App\Controllers\RequestsController))
 3 SYSTEMPATH\CodeIgniter.php(351): CodeIgniter\CodeIgniter->handleRequest(null, Object(Config\Cache), false)
 4 FCPATH\index.php(62): CodeIgniter\CodeIgniter->run()
 5 SYSTEMPATH\Commands\Server\rewrite.php(43): require_once('FCPATH\\index.php')
CRITICAL - 2023-05-13 13:22:22 --> Class "App\Controllers\stdClass" not found
in APPPATH\Controllers\RequestsController.php on line 26.
 1 SYSTEMPATH\CodeIgniter.php(898): App\Controllers\RequestsController->getRequest()
 2 SYSTEMPATH\CodeIgniter.php(468): CodeIgniter\CodeIgniter->runController(Object(App\Controllers\RequestsController))
 3 SYSTEMPATH\CodeIgniter.php(351): CodeIgniter\CodeIgniter->handleRequest(null, Object(Config\Cache), false)
 4 FCPATH\index.php(62): CodeIgniter\CodeIgniter->run()
 5 SYSTEMPATH\Commands\Server\rewrite.php(43): require_once('FCPATH\\index.php')
CRITICAL - 2023-05-13 13:22:22 --> Class "App\Controllers\stdClass" not found
in APPPATH\Controllers\RequestsController.php on line 26.
 1 SYSTEMPATH\CodeIgniter.php(898): App\Controllers\RequestsController->getRequest()
 2 SYSTEMPATH\CodeIgniter.php(468): CodeIgniter\CodeIgniter->runController(Object(App\Controllers\RequestsController))
 3 SYSTEMPATH\CodeIgniter.php(351): CodeIgniter\CodeIgniter->handleRequest(null, Object(Config\Cache), false)
 4 FCPATH\index.php(62): CodeIgniter\CodeIgniter->run()
 5 SYSTEMPATH\Commands\Server\rewrite.php(43): require_once('FCPATH\\index.php')
CRITICAL - 2023-05-13 13:22:23 --> Class "App\Controllers\stdClass" not found
in APPPATH\Controllers\RequestsController.php on line 26.
 1 SYSTEMPATH\CodeIgniter.php(898): App\Controllers\RequestsController->getRequest()
 2 SYSTEMPATH\CodeIgniter.php(468): CodeIgniter\CodeIgniter->runController(Object(App\Controllers\RequestsController))
 3 SYSTEMPATH\CodeIgniter.php(351): CodeIgniter\CodeIgniter->handleRequest(null, Object(Config\Cache), false)
 4 FCPATH\index.php(62): CodeIgniter\CodeIgniter->run()
 5 SYSTEMPATH\Commands\Server\rewrite.php(43): require_once('FCPATH\\index.php')
CRITICAL - 2023-05-13 13:22:41 --> Class "App\Controllers\stdClass" not found
in APPPATH\Controllers\RequestsController.php on line 26.
 1 SYSTEMPATH\CodeIgniter.php(898): App\Controllers\RequestsController->getRequest()
 2 SYSTEMPATH\CodeIgniter.php(468): CodeIgniter\CodeIgniter->runController(Object(App\Controllers\RequestsController))
 3 SYSTEMPATH\CodeIgniter.php(351): CodeIgniter\CodeIgniter->handleRequest(null, Object(Config\Cache), false)
 4 FCPATH\index.php(62): CodeIgniter\CodeIgniter->run()
 5 SYSTEMPATH\Commands\Server\rewrite.php(43): require_once('FCPATH\\index.php')
CRITICAL - 2023-05-13 13:22:43 --> Class "App\Controllers\stdClass" not found
in APPPATH\Controllers\RequestsController.php on line 26.
 1 SYSTEMPATH\CodeIgniter.php(898): App\Controllers\RequestsController->getRequest()
 2 SYSTEMPATH\CodeIgniter.php(468): CodeIgniter\CodeIgniter->runController(Object(App\Controllers\RequestsController))
 3 SYSTEMPATH\CodeIgniter.php(351): CodeIgniter\CodeIgniter->handleRequest(null, Object(Config\Cache), false)
 4 FCPATH\index.php(62): CodeIgniter\CodeIgniter->run()
 5 SYSTEMPATH\Commands\Server\rewrite.php(43): require_once('FCPATH\\index.php')
CRITICAL - 2023-05-13 13:23:10 --> Attempt to assign property "patient" on null
in APPPATH\Controllers\RequestsController.php on line 28.
 1 SYSTEMPATH\CodeIgniter.php(898): App\Controllers\RequestsController->getRequest()
 2 SYSTEMPATH\CodeIgniter.php(468): CodeIgniter\CodeIgniter->runController(Object(App\Controllers\RequestsController))
 3 SYSTEMPATH\CodeIgniter.php(351): CodeIgniter\CodeIgniter->handleRequest(null, Object(Config\Cache), false)
 4 FCPATH\index.php(62): CodeIgniter\CodeIgniter->run()
 5 SYSTEMPATH\Commands\Server\rewrite.php(43): require_once('FCPATH\\index.php')
CRITICAL - 2023-05-13 13:23:37 --> Attempt to assign property "patient" on null
in APPPATH\Controllers\RequestsController.php on line 28.
 1 SYSTEMPATH\CodeIgniter.php(898): App\Controllers\RequestsController->getRequest()
 2 SYSTEMPATH\CodeIgniter.php(468): CodeIgniter\CodeIgniter->runController(Object(App\Controllers\RequestsController))
 3 SYSTEMPATH\CodeIgniter.php(351): CodeIgniter\CodeIgniter->handleRequest(null, Object(Config\Cache), false)
 4 FCPATH\index.php(62): CodeIgniter\CodeIgniter->run()
 5 SYSTEMPATH\Commands\Server\rewrite.php(43): require_once('FCPATH\\index.php')
CRITICAL - 2023-05-13 13:23:48 --> Attempt to assign property "patient" on null
in APPPATH\Controllers\RequestsController.php on line 28.
 1 SYSTEMPATH\CodeIgniter.php(898): App\Controllers\RequestsController->getRequest()
 2 SYSTEMPATH\CodeIgniter.php(468): CodeIgniter\CodeIgniter->runController(Object(App\Controllers\RequestsController))
 3 SYSTEMPATH\CodeIgniter.php(351): CodeIgniter\CodeIgniter->handleRequest(null, Object(Config\Cache), false)
 4 FCPATH\index.php(62): CodeIgniter\CodeIgniter->run()
 5 SYSTEMPATH\Commands\Server\rewrite.php(43): require_once('FCPATH\\index.php')
CRITICAL - 2023-05-13 13:23:49 --> Attempt to assign property "patient" on null
in APPPATH\Controllers\RequestsController.php on line 28.
 1 SYSTEMPATH\CodeIgniter.php(898): App\Controllers\RequestsController->getRequest()
 2 SYSTEMPATH\CodeIgniter.php(468): CodeIgniter\CodeIgniter->runController(Object(App\Controllers\RequestsController))
 3 SYSTEMPATH\CodeIgniter.php(351): CodeIgniter\CodeIgniter->handleRequest(null, Object(Config\Cache), false)
 4 FCPATH\index.php(62): CodeIgniter\CodeIgniter->run()
 5 SYSTEMPATH\Commands\Server\rewrite.php(43): require_once('FCPATH\\index.php')
CRITICAL - 2023-05-13 13:24:01 --> Attempt to assign property "patient" on null
in APPPATH\Controllers\RequestsController.php on line 29.
 1 SYSTEMPATH\CodeIgniter.php(898): App\Controllers\RequestsController->getRequest()
 2 SYSTEMPATH\CodeIgniter.php(468): CodeIgniter\CodeIgniter->runController(Object(App\Controllers\RequestsController))
 3 SYSTEMPATH\CodeIgniter.php(351): CodeIgniter\CodeIgniter->handleRequest(null, Object(Config\Cache), false)
 4 FCPATH\index.php(62): CodeIgniter\CodeIgniter->run()
 5 SYSTEMPATH\Commands\Server\rewrite.php(43): require_once('FCPATH\\index.php')
ERROR - 2023-05-13 13:26:21 --> Unknown column 'patientId' in 'where clause'
CRITICAL - 2023-05-13 13:26:21 --> Call to a member function getResult() on bool
in APPPATH\Models\RequestsModel.php on line 43.
 1 APPPATH\Controllers\RequestsController.php(37): App\Models\RequestsModel->getRequest(Object(stdClass))
 2 SYSTEMPATH\CodeIgniter.php(898): App\Controllers\RequestsController->getRequest()
 3 SYSTEMPATH\CodeIgniter.php(468): CodeIgniter\CodeIgniter->runController(Object(App\Controllers\RequestsController))
 4 SYSTEMPATH\CodeIgniter.php(351): CodeIgniter\CodeIgniter->handleRequest(null, Object(Config\Cache), false)
 5 FCPATH\index.php(62): CodeIgniter\CodeIgniter->run()
 6 SYSTEMPATH\Commands\Server\rewrite.php(43): require_once('FCPATH\\index.php')
ERROR - 2023-05-13 13:28:02 --> Unknown column 'patientId' in 'where clause'
CRITICAL - 2023-05-13 13:28:02 --> Call to a member function getResult() on bool
in APPPATH\Models\RequestsModel.php on line 43.
 1 APPPATH\Controllers\RequestsController.php(32): App\Models\RequestsModel->getRequest(Object(stdClass))
 2 SYSTEMPATH\CodeIgniter.php(898): App\Controllers\RequestsController->getRequest()
 3 SYSTEMPATH\CodeIgniter.php(468): CodeIgniter\CodeIgniter->runController(Object(App\Controllers\RequestsController))
 4 SYSTEMPATH\CodeIgniter.php(351): CodeIgniter\CodeIgniter->handleRequest(null, Object(Config\Cache), false)
 5 FCPATH\index.php(62): CodeIgniter\CodeIgniter->run()
 6 SYSTEMPATH\Commands\Server\rewrite.php(43): require_once('FCPATH\\index.php')
CRITICAL - 2023-05-13 19:12:01 --> syntax error, unexpected token ","
in APPPATH\Models\RequestsModel.php on line 44.
 1 SYSTEMPATH\Autoloader\Autoloader.php(261): CodeIgniter\Autoloader\Autoloader->includeFile('APPPATH\\Models\\RequestsModel.php')
 2 SYSTEMPATH\Autoloader\Autoloader.php(239): CodeIgniter\Autoloader\Autoloader->loadInNamespace('App\\Models\\RequestsModel')
 3 APPPATH\Controllers\RequestsController.php(31): CodeIgniter\Autoloader\Autoloader->loadClass('App\\Models\\RequestsModel')
 4 SYSTEMPATH\CodeIgniter.php(898): App\Controllers\RequestsController->getRequest()
 5 SYSTEMPATH\CodeIgniter.php(468): CodeIgniter\CodeIgniter->runController(Object(App\Controllers\RequestsController))
 6 SYSTEMPATH\CodeIgniter.php(351): CodeIgniter\CodeIgniter->handleRequest(null, Object(Config\Cache), false)
 7 FCPATH\index.php(62): CodeIgniter\CodeIgniter->run()
 8 SYSTEMPATH\Commands\Server\rewrite.php(43): require_once('FCPATH\\index.php')
