CRITICAL - 2023-05-09 11:19:42 --> Class "App\Controllers\RequestsModel" not found
in APPPATH\Controllers\RequestsController.php on line 11.
 1 SYSTEMPATH\CodeIgniter.php(898): App\Controllers\RequestsController->request()
 2 SYSTEMPATH\CodeIgniter.php(468): CodeIgniter\CodeIgniter->runController(Object(App\Controllers\RequestsController))
 3 SYSTEMPATH\CodeIgniter.php(351): CodeIgniter\CodeIgniter->handleRequest(null, Object(Config\Cache), false)
 4 FCPATH\index.php(62): CodeIgniter\CodeIgniter->run()
 5 SYSTEMPATH\Commands\Server\rewrite.php(43): require_once('FCPATH\\index.php')
CRITICAL - 2023-05-09 11:20:02 --> Class "App\Controllers\RequestsModel" not found
in APPPATH\Controllers\RequestsController.php on line 11.
 1 SYSTEMPATH\CodeIgniter.php(898): App\Controllers\RequestsController->request()
 2 SYSTEMPATH\CodeIgniter.php(468): CodeIgniter\CodeIgniter->runController(Object(App\Controllers\RequestsController))
 3 SYSTEMPATH\CodeIgniter.php(351): CodeIgniter\CodeIgniter->handleRequest(null, Object(Config\Cache), false)
 4 FCPATH\index.php(62): CodeIgniter\CodeIgniter->run()
 5 SYSTEMPATH\Commands\Server\rewrite.php(43): require_once('FCPATH\\index.php')
CRITICAL - 2023-05-09 11:26:03 --> Class "App\Controllers\RequestsModel" not found
in APPPATH\Controllers\RequestsController.php on line 11.
 1 SYSTEMPATH\CodeIgniter.php(898): App\Controllers\RequestsController->request()
 2 SYSTEMPATH\CodeIgniter.php(468): CodeIgniter\CodeIgniter->runController(Object(App\Controllers\RequestsController))
 3 SYSTEMPATH\CodeIgniter.php(351): CodeIgniter\CodeIgniter->handleRequest(null, Object(Config\Cache), false)
 4 FCPATH\index.php(62): CodeIgniter\CodeIgniter->run()
 5 SYSTEMPATH\Commands\Server\rewrite.php(43): require_once('FCPATH\\index.php')
